Build started 3/14/2016 3:35:57 PM.
Project "C:\Users\IEUser\Push_Forex_4.0\zeromq_dll\zmq_sub_dll_0.0.3\zmq_sub_dll_0.0.3\zmq_sub_dll_0.0.3\zmq_sub_dll_0.0.3.vcxproj" on node 2 (Build target(s)).
ClCompile:
  C:\Program Files\Microsoft Visual Studio 12.0\VC\bin\CL.exe /c /ZI /nologo /W3 /WX- /sdl /Od /Oy- /D WIN32 /D _DEBUG /D _WINDOWS /D _USRDLL /D ZMQ_SUB_DLL_003_EXPORTS /D _UNICODE /D UNICODE /Gm /EHsc /RTC1 /MDd /GS /fp:precise /Zc:wchar_t /Zc:forScope /Fo"Debug\\" /Fd"Debug\vc120.pdb" /Gd /TP /analyze- /errorReport:prompt dllmain.cpp
  dllmain.cpp
  C:\Program Files\Microsoft Visual Studio 12.0\VC\bin\CL.exe /c /ZI /nologo /W3 /WX- /sdl /Od /Oy- /D WIN32 /D _DEBUG /D _WINDOWS /D _USRDLL /D ZMQ_SUB_DLL_003_EXPORTS /D _UNICODE /D UNICODE /Gm /EHsc /RTC1 /MDd /GS /fp:precise /Zc:wchar_t /Zc:forScope /Yu"stdafx.h" /Fp"Debug\zmq_sub_dll_0.0.3.pch" /Fo"Debug\\" /Fd"Debug\vc120.pdb" /Gd /TP /analyze- /errorReport:prompt zmq_sub_dll_0.0.3.cpp
  zmq_sub_dll_0.0.3.cpp
Link:
  C:\Program Files\Microsoft Visual Studio 12.0\VC\bin\link.exe /ERRORREPORT:PROMPT /OUT:"C:\Users\IEUser\Push_Forex_4.0\zeromq_dll\zmq_sub_dll_0.0.3\zmq_sub_dll_0.0.3\Debug\zmq_sub_dll_0.0.3.exe" /INCREMENTAL /NOLOGO "C:\Program Files\ZeroMQ 4.0.4\lib\libzmq-v120-mt-gd-4_0_4.lib" kernel32.lib user32.lib gdi32.lib winspool.lib comdlg32.lib advapi32.lib shell32.lib ole32.lib oleaut32.lib uuid.lib odbc32.lib odbccp32.lib /MANIFEST /MANIFESTUAC:"level='asInvoker' uiAccess='false'" /manifest:embed /DEBUG /PDB:"C:\Users\IEUser\Push_Forex_4.0\zeromq_dll\zmq_sub_dll_0.0.3\zmq_sub_dll_0.0.3\Debug\zmq_sub_dll_0.0.3.pdb" /SUBSYSTEM:WINDOWS /TLBID:1 /DYNAMICBASE /NXCOMPAT /IMPLIB:"C:\Users\IEUser\Push_Forex_4.0\zeromq_dll\zmq_sub_dll_0.0.3\zmq_sub_dll_0.0.3\Debug\zmq_sub_dll_0.0.3.lib" /MACHINE:X86 Debug\dllmain.obj
  Debug\stdafx.obj
  Debug\zmq_sub_dll_0.0.3.obj
dllmain.obj : error LNK2019: unresolved external symbol "wchar_t const * __cdecl conn_and_sub(wchar_t const *,wchar_t const *)" (?conn_and_sub@@YAPB_WPB_W0@Z) referenced in function _main
MSVCRTD.lib(crtexew.obj) : error LNK2019: unresolved external symbol _WinMain@16 referenced in function ___tmainCRTStartup
C:\Users\IEUser\Push_Forex_4.0\zeromq_dll\zmq_sub_dll_0.0.3\zmq_sub_dll_0.0.3\Debug\zmq_sub_dll_0.0.3.exe : fatal error LNK1120: 2 unresolved externals
Done Building Project "C:\Users\IEUser\Push_Forex_4.0\zeromq_dll\zmq_sub_dll_0.0.3\zmq_sub_dll_0.0.3\zmq_sub_dll_0.0.3\zmq_sub_dll_0.0.3.vcxproj" (Build target(s)) -- FAILED.

Build FAILED.

Time Elapsed 00:01:03.59
